<?xml version="1.0" encoding="UTF-8"?>
<!-- Generated by org.testng.reporters.JUnitReportReporter -->
<testsuite hostname="Rajkumar" failures="0" tests="2" name="GroupTestNgXml.TestGroup1" time="0.016" errors="0" timestamp="2022-03-26T21:59:39 IST" skipped="0">
  <testcase classname="GroupTestNgXml.TestGroup1" name="TC2" time="0.015"/>
  <system-out>
    <![CDATA[Running tast case 2]]>
  </system-out>
  <testcase classname="GroupTestNgXml.TestGroup1" name="TC3" time="0.001"/>
  <system-out>
    <![CDATA[Running tast case 3]]>
  </system-out>
</testsuite> <!-- GroupTestNgXml.TestGroup1 -->
