<?xml version="1.0" encoding="UTF-8"?>
<!-- Generated by org.testng.reporters.JUnitReportReporter -->
<testsuite hostname="Rajkumar" failures="0" tests="2" name="Practice.TestNgTest" time="10.679" errors="0" timestamp="2022-03-27T00:46:35 IST" skipped="0">
  <testcase classname="Practice.TestNgTest" name="ValidateUserId" time="4.630"/>
  <system-out>
    <![CDATA[validate userid successfully,Test case is pass]]>
  </system-out>
  <testcase classname="Practice.TestNgTest" name="ValidateUserId" time="6.049"/>
  <system-out>
    <![CDATA[validate userid successfully,Test case is pass]]>
  </system-out>
</testsuite> <!-- Practice.TestNgTest -->
