<?xml version="1.0" encoding="UTF-8"?>
<!-- Generated by org.testng.reporters.JUnitReportReporter -->
<testsuite hostname="Rajkumar" failures="0" tests="2" name="TestNgAnnotationStudy.AnnotationStudy2" time="0.010" errors="0" timestamp="2022-03-22T17:09:51 IST" skipped="0">
  <testcase classname="TestNgAnnotationStudy.AnnotationStudy2" name="validateUserId" time="0.007"/>
  <system-out>
    <![CDATA[userid validation done-->@Test used]]>
  </system-out>
  <testcase classname="TestNgAnnotationStudy.AnnotationStudy2" name="validatepin" time="0.003"/>
  <system-out>
    <![CDATA[Pin validation done--->@Test used]]>
  </system-out>
</testsuite> <!-- TestNgAnnotationStudy.AnnotationStudy2 -->
