<?xml version="1.0" encoding="UTF-8"?>
<!-- Generated by org.testng.reporters.JUnitReportReporter -->
<testsuite hostname="Rajkumar" failures="0" tests="2" name="TestNgAnnotationStudy.Annotation3" time="0.010" errors="0" timestamp="2022-03-22T23:18:51 IST" skipped="0">
  <testcase classname="TestNgAnnotationStudy.Annotation3" name="validatepin" time="0.003"/>
  <system-out>
    <![CDATA[Validate pin -->@Test method used]]>
  </system-out>
  <testcase classname="TestNgAnnotationStudy.Annotation3" name="validateUserid" time="0.007"/>
  <system-out>
    <![CDATA[Validate userid -->@Test method used]]>
  </system-out>
</testsuite> <!-- TestNgAnnotationStudy.Annotation3 -->
