<?xml version="1.0" encoding="UTF-8"?>
<!-- Generated by org.testng.reporters.JUnitReportReporter -->
<testsuite hostname="Rajkumar" failures="0" tests="5" name="TestNGKeyword.InvocationCount" time="0.009" errors="0" timestamp="2022-03-21T12:12:33 IST" skipped="0">
  <testcase classname="TestNGKeyword.InvocationCount" name="a" time="0.006"/>
  <system-out>
    <![CDATA[Method A running]]>
  </system-out>
  <testcase classname="TestNGKeyword.InvocationCount" name="a" time="0.000"/>
  <system-out>
    <![CDATA[Method A running]]>
  </system-out>
  <testcase classname="TestNGKeyword.InvocationCount" name="a" time="0.001"/>
  <system-out>
    <![CDATA[Method A running]]>
  </system-out>
  <testcase classname="TestNGKeyword.InvocationCount" name="a" time="0.002"/>
  <system-out>
    <![CDATA[Method A running]]>
  </system-out>
  <testcase classname="TestNGKeyword.InvocationCount" name="a" time="0.000"/>
  <system-out>
    <![CDATA[Method A running]]>
  </system-out>
</testsuite> <!-- TestNGKeyword.InvocationCount -->
