<?xml version="1.0" encoding="UTF-8"?>
<!-- Generated by org.testng.reporters.JUnitReportReporter -->
<testsuite hostname="Rajkumar" failures="0" tests="2" name="CrossBrowserTestTestNgStudy.CT1" time="24.925" errors="0" timestamp="2022-03-24T12:06:51 IST" skipped="0">
  <testcase classname="CrossBrowserTestTestNgStudy.CT1" name="CrossBrowser" time="7.840"/>
  <system-out/>
  <testcase classname="CrossBrowserTestTestNgStudy.CT1" name="CrossBrowser" time="17.085"/>
  <system-out/>
</testsuite> <!-- CrossBrowserTestTestNgStudy.CT1 -->
