<?xml version="1.0" encoding="UTF-8"?>
<!-- Generated by org.testng.reporters.JUnitReportReporter -->
<testsuite hostname="Rajkumar" failures="0" tests="1" name="TestNgserialandparallel.SerialAndParallel3" time="12.103" errors="0" timestamp="2022-04-11T18:33:38 IST" skipped="0">
  <testcase classname="TestNgserialandparallel.SerialAndParallel3" name="Method" time="12.103"/>
  <system-out/>
</testsuite> <!-- TestNgserialandparallel.SerialAndParallel3 -->
