<?xml version="1.0" encoding="UTF-8"?>
<!-- Generated by org.testng.reporters.JUnitReportReporter -->
<testsuite hostname="Rajkumar" failures="0" tests="2" name="TestNGXmlStudy.Test1" time="0.014" errors="0" timestamp="2022-03-23T09:11:41 IST" skipped="0">
  <testcase classname="TestNGXmlStudy.Test1" name="TC4" time="0.013"/>
  <system-out>
    <![CDATA[Running test case 4]]>
  </system-out>
  <testcase classname="TestNGXmlStudy.Test1" name="TC3" time="0.001"/>
  <system-out>
    <![CDATA[Running test case 3]]>
  </system-out>
</testsuite> <!-- TestNGXmlStudy.Test1 -->
