<?xml version="1.0" encoding="UTF-8"?>
<!-- Generated by org.testng.reporters.JUnitReportReporter -->
<testsuite hostname="Rajkumar" failures="0" tests="2" name="TestNGXmlStudy.Test2" time="0.003" errors="0" timestamp="2022-03-23T09:11:41 IST" skipped="0">
  <testcase classname="TestNGXmlStudy.Test2" name="TC6" time="0.001"/>
  <system-out>
    <![CDATA[Test case 6 is Running]]>
  </system-out>
  <testcase classname="TestNGXmlStudy.Test2" name="TC5" time="0.002"/>
  <system-out>
    <![CDATA[Test case 5 is Running]]>
  </system-out>
</testsuite> <!-- TestNGXmlStudy.Test2 -->
