<?xml version="1.0" encoding="UTF-8"?>
<!-- Generated by org.testng.reporters.JUnitReportReporter -->
<testsuite hostname="Rajkumar" failures="0" tests="2" name="Practice.VCTCSample" time="24.042" errors="0" timestamp="2022-03-25T00:08:43 IST" skipped="0">
  <testcase classname="Practice.VCTCSample" name="TC" time="11.551"/>
  <system-out/>
  <testcase classname="Practice.VCTCSample" name="TC1" time="12.491"/>
  <system-out/>
</testsuite> <!-- Practice.VCTCSample -->
