<?xml version="1.0" encoding="UTF-8"?>
<!-- Generated by org.testng.reporters.JUnitReportReporter -->
<testsuite hostname="Rajkumar" failures="0" tests="7" name="TestNgserialandparallel.SerialAndParallel2" time="15.107" errors="0" timestamp="2022-04-05T18:22:43 IST" skipped="0">
  <testcase classname="TestNgserialandparallel.SerialAndParallel2" name="TC6" time="0.002"/>
  <system-out>
    <![CDATA[This is a test case 6]]>
  </system-out>
  <testcase classname="TestNgserialandparallel.SerialAndParallel2" name="TC2" time="0.002"/>
  <system-out>
    <![CDATA[This is a test case 2]]>
  </system-out>
  <testcase classname="TestNgserialandparallel.SerialAndParallel2" name="TC1" time="0.003"/>
  <system-out>
    <![CDATA[This is a test case 1]]>
  </system-out>
  <testcase classname="TestNgserialandparallel.SerialAndParallel2" name="TC4" time="0.002"/>
  <system-out>
    <![CDATA[This is a test case 4]]>
  </system-out>
  <testcase classname="TestNgserialandparallel.SerialAndParallel2" name="TC5" time="0.002"/>
  <system-out>
    <![CDATA[This is a test case 5]]>
  </system-out>
  <testcase classname="TestNgserialandparallel.SerialAndParallel2" name="TC3" time="0.002"/>
  <system-out>
    <![CDATA[This is a test case 3]]>
  </system-out>
  <testcase classname="TestNgserialandparallel.SerialAndParallel2" name="Method" time="15.094"/>
  <system-out/>
</testsuite> <!-- TestNgserialandparallel.SerialAndParallel2 -->
