<?xml version="1.0" encoding="UTF-8"?>
<!-- Generated by org.testng.reporters.JUnitReportReporter -->
<testsuite hostname="Rajkumar" failures="0" tests="1" name="TestNgAnnotationStudy.AnnotationStudy1" time="0.002" errors="0" timestamp="2022-03-22T22:01:49 IST" skipped="0">
  <testcase classname="TestNgAnnotationStudy.AnnotationStudy1" name="a" time="0.002"/>
  <system-out>
    <![CDATA[Running method a]]>
  </system-out>
</testsuite> <!-- TestNgAnnotationStudy.AnnotationStudy1 -->
