<?xml version="1.0" encoding="UTF-8"?>
<!-- Generated by org.testng.reporters.JUnitReportReporter -->
<testsuite hostname="Rajkumar" failures="0" tests="2" name="TestNgserialandparallel.SerialAndParallel4" time="8.688" errors="0" timestamp="2022-03-23T13:59:39 IST" skipped="0">
  <testcase classname="TestNgserialandparallel.SerialAndParallel4" name="f" time="5.076"/>
  <system-out/>
  <testcase classname="TestNgserialandparallel.SerialAndParallel4" name="f1" time="3.612"/>
  <system-out/>
</testsuite> <!-- TestNgserialandparallel.SerialAndParallel4 -->
