<?xml version="1.0" encoding="UTF-8"?>
<!-- Generated by org.testng.reporters.JUnitReportReporter -->
<testsuite hostname="Rajkumar" failures="0" tests="2" name="GroupTestNgXml.TestGroup2" time="0.003" errors="0" timestamp="2022-03-22T14:41:52 IST" skipped="0">
  <testcase classname="GroupTestNgXml.TestGroup2" name="TC11" time="0.002"/>
  <system-out>
    <![CDATA[Test case 11 is running]]>
  </system-out>
  <testcase classname="GroupTestNgXml.TestGroup2" name="TC14" time="0.001"/>
  <system-out>
    <![CDATA[Test case 14 is running]]>
  </system-out>
</testsuite> <!-- GroupTestNgXml.TestGroup2 -->
