<?xml version="1.0" encoding="UTF-8"?>
<!-- Generated by org.testng.reporters.JUnitReportReporter -->
<testsuite hostname="Rajkumar" failures="0" tests="3" name="TestNGKeyword.DependsOnMethodStudy" time="0.010" errors="0" timestamp="2022-03-21T12:45:39 IST" skipped="0">
  <testcase classname="TestNGKeyword.DependsOnMethodStudy" name="B" time="0.008"/>
  <system-out>
    <![CDATA[Method B is Running]]>
  </system-out>
  <testcase classname="TestNGKeyword.DependsOnMethodStudy" name="C" time="0.001"/>
  <system-out>
    <![CDATA[Method C is Running]]>
  </system-out>
  <testcase classname="TestNGKeyword.DependsOnMethodStudy" name="A" time="0.001"/>
  <system-out>
    <![CDATA[Method A is Running]]>
  </system-out>
</testsuite> <!-- TestNGKeyword.DependsOnMethodStudy -->
