<?xml version="1.0" encoding="UTF-8"?>
<!-- Generated by org.testng.reporters.JUnitReportReporter -->
<testsuite hostname="Rajkumar" failures="0" tests="2" name="testpackage.KiteAppUserNameValidationUsingPropertyFile" time="5.117" errors="0" timestamp="2022-04-01T12:46:13 IST" skipped="0">
  <testcase classname="testpackage.KiteAppUserNameValidationUsingPropertyFile" name="ValidateUsername" time="1.711"/>
  <system-out>
    <![CDATA[validation successful,test case pass]]>
  </system-out>
  <testcase classname="testpackage.KiteAppUserNameValidationUsingPropertyFile" name="ValidateUsername" time="3.406"/>
  <system-out>
    <![CDATA[validation successful,test case pass]]>
  </system-out>
</testsuite> <!-- testpackage.KiteAppUserNameValidationUsingPropertyFile -->
