<?xml version="1.0" encoding="UTF-8"?>
<!-- Generated by org.testng.reporters.JUnitReportReporter -->
<testsuite hostname="Rajkumar" failures="0" tests="1" name="TestNGKeyword.AllKeywordCombine" time="0.417" errors="0" timestamp="2022-03-22T11:38:02 IST" skipped="0">
  <testcase classname="TestNGKeyword.AllKeywordCombine" name="sample1" time="0.417"/>
  <system-out>
    <![CDATA[this is sample1 method]]>
  </system-out>
</testsuite> <!-- TestNGKeyword.AllKeywordCombine -->
