<?xml version="1.0" encoding="UTF-8"?>
<!-- Generated by org.testng.reporters.JUnitReportReporter -->
<testsuite hostname="Rajkumar" failures="0" tests="1" name="TestNGStudy.FBTestclass" time="14.760" errors="0" timestamp="2022-04-11T18:28:20 IST" skipped="0">
  <testcase classname="TestNGStudy.FBTestclass" name="Validateusername" time="14.760"/>
  <system-out>
    <![CDATA[validate Username success]]>
  </system-out>
</testsuite> <!-- TestNGStudy.FBTestclass -->
