<?xml version="1.0" encoding="UTF-8"?>
<!-- Generated by org.testng.reporters.JUnitReportReporter -->
<testsuite hostname="Rajkumar" failures="0" tests="4" name="TestNgserialandparallel.DuTest" time="0.020" errors="0" timestamp="2022-04-11T18:40:02 IST" skipped="0">
  <testcase classname="TestNgserialandparallel.DuTest" name="f1" time="0.016"/>
  <system-out>
    <![CDATA[test case 1 is start]]>
  </system-out>
  <testcase classname="TestNgserialandparallel.DuTest" name="f4" time="0.001"/>
  <system-out>
    <![CDATA[test case 1 is start]]>
  </system-out>
  <testcase classname="TestNgserialandparallel.DuTest" name="f2" time="0.001"/>
  <system-out>
    <![CDATA[test case 1 is start]]>
  </system-out>
  <testcase classname="TestNgserialandparallel.DuTest" name="f3" time="0.002"/>
  <system-out>
    <![CDATA[test case 1 is start]]>
  </system-out>
</testsuite> <!-- TestNgserialandparallel.DuTest -->
