<?xml version="1.0" encoding="UTF-8"?>
<!-- Generated by org.testng.reporters.JUnitReportReporter -->
<testsuite hostname="Rajkumar" failures="0" tests="1" name="KitePOMTESTNG.KiteTestUsingTestNG" time="2.131" errors="0" timestamp="2022-03-25T12:50:12 IST" skipped="0">
  <testcase classname="KitePOMTESTNG.KiteTestUsingTestNG" name="validateUserId" time="2.131"/>
  <system-out>
    <![CDATA[Validating userId successfully,Test case is pass]]>
  </system-out>
</testsuite> <!-- KitePOMTESTNG.KiteTestUsingTestNG -->
