<?xml version="1.0" encoding="UTF-8"?>
<!-- Generated by org.testng.reporters.JUnitReportReporter -->
<testsuite hostname="Rajkumar" failures="0" tests="1" name="testpackage.CombineAll" time="0.721" errors="0" timestamp="2022-03-30T12:39:44 IST" skipped="0">
  <testcase classname="testpackage.CombineAll" name="validateuseriderrormsg" time="0.721"/>
  <system-out>
    <![CDATA[validate userid error msg succecssful,test case is pass]]>
  </system-out>
</testsuite> <!-- testpackage.CombineAll -->
