<?xml version="1.0" encoding="UTF-8"?>
<!-- Generated by org.testng.reporters.JUnitReportReporter -->
<testsuite hostname="Rajkumar" failures="0" tests="2" name="TestNGStudy.Testsample" time="0.014" errors="0" timestamp="2022-03-21T08:46:04 IST" skipped="0">
  <testcase classname="TestNGStudy.Testsample" name="passWord" time="0.002"/>
  <system-out>
    <![CDATA[Enter the valid password]]>
  </system-out>
  <testcase classname="TestNGStudy.Testsample" name="Usernamr" time="0.012"/>
  <system-out/>
</testsuite> <!-- TestNGStudy.Testsample -->
