<?xml version="1.0" encoding="UTF-8"?>
<!-- Generated by org.testng.reporters.JUnitReportReporter -->
<testsuite hostname="Rajkumar" failures="0" tests="3" name="TestNgAnnotationStudy.Priority" time="0.010" errors="0" timestamp="2022-03-21T12:29:01 IST" skipped="0">
  <testcase classname="TestNgAnnotationStudy.Priority" name="b" time="0.008"/>
  <system-out>
    <![CDATA[Running b method]]>
  </system-out>
  <testcase classname="TestNgAnnotationStudy.Priority" name="c" time="0.001"/>
  <system-out>
    <![CDATA[Running c method]]>
  </system-out>
  <testcase classname="TestNgAnnotationStudy.Priority" name="a" time="0.001"/>
  <system-out>
    <![CDATA[Running a method]]>
  </system-out>
</testsuite> <!-- TestNgAnnotationStudy.Priority -->
