<?xml version="1.0" encoding="UTF-8"?>
<!-- Generated by org.testng.reporters.JUnitReportReporter -->
<testsuite hostname="Rajkumar" failures="0" tests="3" name="TestNGXmlStudy.testgroup1" time="0.018" errors="0" timestamp="2022-03-22T13:41:59 IST" skipped="0">
  <testcase classname="TestNGXmlStudy.testgroup1" name="TC2" time="0.002"/>
  <system-out>
    <![CDATA[Running test case 2]]>
  </system-out>
  <testcase classname="TestNGXmlStudy.testgroup1" name="TC1" time="0.014"/>
  <system-out>
    <![CDATA[Running tast case 1]]>
  </system-out>
  <testcase classname="TestNGXmlStudy.testgroup1" name="TC3" time="0.002"/>
  <system-out>
    <![CDATA[Running test case 3]]>
  </system-out>
</testsuite> <!-- TestNGXmlStudy.testgroup1 -->
