<?xml version="1.0" encoding="UTF-8"?>
<!-- Generated by org.testng.reporters.JUnitReportReporter -->
<testsuite hostname="Rajkumar" failures="0" tests="1" name="testpackage.KiteUsernameValidation" time="2.802" errors="0" timestamp="2022-04-01T12:52:23 IST" skipped="0">
  <testcase classname="testpackage.KiteUsernameValidation" name="Validateuserid" time="2.802"/>
  <system-out>
    <![CDATA[Your test case is started
Screenshot taken for TC1
userid validate ,test case 1 pass
Congrats test case is passed]]>
  </system-out>
</testsuite> <!-- testpackage.KiteUsernameValidation -->
