<?xml version="1.0" encoding="UTF-8"?>
<!-- Generated by org.testng.reporters.JUnitReportReporter -->
<testsuite hostname="Rajkumar" failures="0" tests="2" name="TestNgAnnotationStudy.AnnotationStudy" time="0.011" errors="0" timestamp="2022-03-22T17:05:00 IST" skipped="0">
  <testcase classname="TestNgAnnotationStudy.AnnotationStudy" name="Sample" time="0.008"/>
  <system-out>
    <![CDATA[Running Sample Test]]>
  </system-out>
  <testcase classname="TestNgAnnotationStudy.AnnotationStudy" name="ValidateUserId" time="0.003"/>
  <system-out>
    <![CDATA[Running Test]]>
  </system-out>
</testsuite> <!-- TestNgAnnotationStudy.AnnotationStudy -->
