<?xml version="1.0" encoding="UTF-8"?>
<!-- Generated by org.testng.reporters.JUnitReportReporter -->
<testsuite hostname="Rajkumar" failures="0" tests="3" name="Mock26.Testclass" time="0.689" errors="0" timestamp="2022-03-28T15:45:27 IST" skipped="2">
  <testcase classname="Mock26.Testclass" name="validateloginErrorMessage" time="0.689"/>
  <system-out/>
  <testcase classname="Mock26.Testclass" name="ValidateUseridErrormessage">
    <skipped/>
  </testcase> <!-- ValidateUseridErrormessage -->
  <system-out/>
  <testcase classname="Mock26.Testclass" name="validatepassworderror">
    <skipped/>
  </testcase> <!-- validatepassworderror -->
  <system-out/>
</testsuite> <!-- Mock26.Testclass -->
