<?xml version="1.0" encoding="UTF-8"?>
<!-- Generated by org.testng.reporters.JUnitReportReporter -->
<testsuite hostname="Rajkumar" failures="0" tests="1" name="TestNgserialandparallel.SerialAndParallel6" time="7.020" errors="0" timestamp="2022-03-23T13:59:39 IST" skipped="0">
  <testcase classname="TestNgserialandparallel.SerialAndParallel6" name="f" time="7.020"/>
  <system-out/>
</testsuite> <!-- TestNgserialandparallel.SerialAndParallel6 -->
