<?xml version="1.0" encoding="UTF-8"?>
<!-- Generated by org.testng.reporters.JUnitReportReporter -->
<testsuite hostname="Rajkumar" failures="0" tests="2" name="Practice.TestNgTest" time="9.887" errors="0" timestamp="2022-04-11T18:50:37 IST" skipped="0">
  <testcase classname="Practice.TestNgTest" name="ValidateUserId" time="4.174"/>
  <system-out>
    <![CDATA[validate userid successfully,Test case is pass]]>
  </system-out>
  <testcase classname="Practice.TestNgTest" name="ValidateUserId" time="5.713"/>
  <system-out>
    <![CDATA[validate userid successfully,Test case is pass]]>
  </system-out>
</testsuite> <!-- Practice.TestNgTest -->
