<?xml version="1.0" encoding="UTF-8"?>
<!-- Generated by org.testng.reporters.JUnitReportReporter -->
<testsuite hostname="Rajkumar" failures="0" tests="3" name="TestNGStudy.Myclass" time="0.016" errors="0" timestamp="2022-03-17T22:18:38 IST" skipped="0">
  <testcase classname="TestNGStudy.Myclass" name="test2" time="0.001"/>
  <system-out/>
  <testcase classname="TestNGStudy.Myclass" name="test3" time="0.001"/>
  <system-out/>
  <testcase classname="TestNGStudy.Myclass" name="test1" time="0.014"/>
  <system-out/>
</testsuite> <!-- TestNGStudy.Myclass -->
