<?xml version="1.0" encoding="UTF-8"?>
<!-- Generated by org.testng.reporters.JUnitReportReporter -->
<testsuite hostname="Rajkumar" failures="0" tests="1" name="testpackage.validatepasswordErrormessage" time="0.755" errors="0" timestamp="2022-03-30T11:40:30 IST" skipped="0">
  <testcase classname="testpackage.validatepasswordErrormessage" name="validatepassErrorMessage" time="0.755"/>
  <system-out>
    <![CDATA[Screenshot taken for TC2
validation of error msg success,test case is pass]]>
  </system-out>
</testsuite> <!-- testpackage.validatepasswordErrormessage -->
