<?xml version="1.0" encoding="UTF-8"?>
<!-- Generated by org.testng.reporters.JUnitReportReporter -->
<testsuite hostname="Rajkumar" failures="0" tests="3" name="TestNGStudy.Test1" time="0.016" errors="0" timestamp="2022-04-03T14:32:53 IST" skipped="0">
  <testcase classname="TestNGStudy.Test1" name="method2" time="0.002"/>
  <system-out>
    <![CDATA[This is method of Test Ng Test1 class method2]]>
  </system-out>
  <testcase classname="TestNGStudy.Test1" name="method1" time="0.013"/>
  <system-out/>
  <testcase classname="TestNGStudy.Test1" name="method3" time="0.001"/>
  <system-out>
    <![CDATA[this method 3 of TestNg class of test1 class]]>
  </system-out>
</testsuite> <!-- TestNGStudy.Test1 -->
