<?xml version="1.0" encoding="UTF-8"?>
<!-- Generated by org.testng.reporters.JUnitReportReporter -->
<testsuite hostname="Rajkumar" failures="0" tests="5" name="TestNGKeyword.Allkeyword" time="0.023" errors="0" timestamp="2022-03-22T21:55:57 IST" skipped="0">
  <testcase classname="TestNGKeyword.Allkeyword" name="TC4" time="0.012"/>
  <system-out>
    <![CDATA[TC4 is Running]]>
  </system-out>
  <testcase classname="TestNGKeyword.Allkeyword" name="TC1" time="0.001"/>
  <system-out>
    <![CDATA[TC1 is Running]]>
  </system-out>
  <testcase classname="TestNGKeyword.Allkeyword" name="TC3" time="0.007"/>
  <system-out>
    <![CDATA[TC3 is Running]]>
  </system-out>
  <testcase classname="TestNGKeyword.Allkeyword" name="TC1" time="0.001"/>
  <system-out>
    <![CDATA[TC1 is Running]]>
  </system-out>
  <testcase classname="TestNGKeyword.Allkeyword" name="TC2" time="0.002"/>
  <system-out>
    <![CDATA[TC2 is Running]]>
  </system-out>
</testsuite> <!-- TestNGKeyword.Allkeyword -->
