<?xml version="1.0" encoding="UTF-8"?>
<!-- Generated by org.testng.reporters.JUnitReportReporter -->
<testsuite hostname="Rajkumar" failures="0" tests="1" name="TestNgserialandparallel.SerialAndParallel1" time="15.465" errors="0" timestamp="2022-04-05T17:28:00 IST" skipped="0">
  <testcase classname="TestNgserialandparallel.SerialAndParallel1" name="Method" time="15.465"/>
  <system-out/>
</testsuite> <!-- TestNgserialandparallel.SerialAndParallel1 -->
