<?xml version="1.0" encoding="UTF-8"?>
<!-- Generated by org.testng.reporters.JUnitReportReporter -->
<testsuite hostname="Rajkumar" failures="0" tests="1" name="testpackage.Alltest" time="1.580" errors="0" timestamp="2022-04-03T14:32:29 IST" skipped="0">
  <testcase classname="testpackage.Alltest" name="botherrormsg" time="1.580"/>
  <system-out>
    <![CDATA[test case is pass
validate test case 
Screenshot taken for TC6]]>
  </system-out>
</testsuite> <!-- testpackage.Alltest -->
