<?xml version="1.0" encoding="UTF-8"?>
<!-- Generated by org.testng.reporters.JUnitReportReporter -->
<testsuite hostname="Rajkumar" failures="0" tests="3" name="TestNGKeyword.EnableStudy" time="0.009" errors="0" timestamp="2022-03-21T12:35:15 IST" skipped="0">
  <testcase classname="TestNGKeyword.EnableStudy" name="B" time="0.001"/>
  <system-out>
    <![CDATA[Method B is running]]>
  </system-out>
  <testcase classname="TestNGKeyword.EnableStudy" name="A" time="0.007"/>
  <system-out>
    <![CDATA[Method A is running]]>
  </system-out>
  <testcase classname="TestNGKeyword.EnableStudy" name="C" time="0.001"/>
  <system-out>
    <![CDATA[Method C is running]]>
  </system-out>
</testsuite> <!-- TestNGKeyword.EnableStudy -->
