<?xml version="1.0" encoding="UTF-8"?>
<!-- Generated by org.testng.reporters.JUnitReportReporter -->
<testsuite hostname="Rajkumar" failures="0" tests="1" name="TestNgserialandparallel.SerialAndParallel3" time="11.585" errors="0" timestamp="2022-04-05T18:22:43 IST" skipped="0">
  <testcase classname="TestNgserialandparallel.SerialAndParallel3" name="Method" time="11.585"/>
  <system-out/>
</testsuite> <!-- TestNgserialandparallel.SerialAndParallel3 -->
