<?xml version="1.0" encoding="UTF-8"?>
<!-- Generated by org.testng.reporters.JUnitReportReporter -->
<testsuite hostname="Rajkumar" failures="0" tests="1" name="TestNgserialandparallel.SerialAndParallel1" time="11.409" errors="0" timestamp="2022-04-11T18:33:38 IST" skipped="0">
  <testcase classname="TestNgserialandparallel.SerialAndParallel1" name="Method" time="11.409"/>
  <system-out/>
</testsuite> <!-- TestNgserialandparallel.SerialAndParallel1 -->
