<?xml version="1.0" encoding="UTF-8"?>
<!-- Generated by org.testng.reporters.JUnitReportReporter -->
<testsuite hostname="Rajkumar" failures="0" tests="1" name="TestNgserialandparallel.SerialAndParaallel5" time="14.023" errors="0" timestamp="2022-03-23T13:59:39 IST" skipped="0">
  <testcase classname="TestNgserialandparallel.SerialAndParaallel5" name="f" time="14.023"/>
  <system-out/>
</testsuite> <!-- TestNgserialandparallel.SerialAndParaallel5 -->
